<?xml version="1.0" encoding="UTF-8"?>
<testng-results skipped="3" failed="0" ignored="0" total="3" passed="0">
  <reporter-output>
  </reporter-output>
  <suite name="Suite" duration-ms="37" started-at="2020-07-23T21:35:15Z" finished-at="2020-07-23T21:35:15Z">
    <groups>
    </groups>
    <test name="IEtest" duration-ms="37" started-at="2020-07-23T21:35:15Z" finished-at="2020-07-23T21:35:15Z">
      <class name="com.example.tests.E2E_test_Flipkart_Grid">
        <test-method status="FAIL" signature="setUp(java.lang.String, java.lang.String)[pri:0, instance:com.example.tests.E2E_test_Flipkart_Grid@460d0a57]" name="setUp" is-config="true" duration-ms="0" started-at="2020-07-23T21:35:15Z" finished-at="2020-07-23T21:35:15Z">
          <exception class="org.testng.TestNGException">
            <message>
              <![CDATA[
Parameter 'appURL' is required by BeforeMethod on method setUp but has not been marked @Optional or defined
in C:\workspace\FlipkartFramework\Grid.xml]]>
            </message>
            <full-stacktrace>
              <![CDATA[org.testng.TestNGException: 
Parameter 'appURL' is required by BeforeMethod on method setUp but has not been marked @Optional or defined
in C:\workspace\FlipkartFramework\Grid.xml
at org.testng.internal.Parameters.createParams(Parameters.java:290)
at org.testng.internal.Parameters.createParametersForMethod(Parameters.java:359)
at org.testng.internal.Parameters.createParameters(Parameters.java:620)
at org.testng.internal.Parameters.createConfigurationParameters(Parameters.java:190)
at org.testng.internal.Invoker.invokeConfigurations(Invoker.java:209)
at org.testng.internal.Invoker.invokeMethod(Invoker.java:523)
at org.testng.internal.Invoker.invokeTestMethod(Invoker.java:719)
at org.testng.internal.Invoker.invokeTestMethods(Invoker.java:989)
at org.testng.internal.TestMethodWorker.invokeTestMethods(TestMethodWorker.java:125)
at org.testng.internal.TestMethodWorker.run(TestMethodWorker.java:109)
at org.testng.TestRunner.privateRun(TestRunner.java:648)
at org.testng.TestRunner.run(TestRunner.java:505)
at org.testng.SuiteRunner.runTest(SuiteRunner.java:455)
at org.testng.SuiteRunner.access$000(SuiteRunner.java:40)
at org.testng.SuiteRunner$SuiteWorker.run(SuiteRunner.java:489)
at org.testng.internal.thread.ThreadUtil$1.call(ThreadUtil.java:52)
at java.util.concurrent.FutureTask.run(Unknown Source)
at java.util.concurrent.ThreadPoolExecutor.runWorker(Unknown Source)
at java.util.concurrent.ThreadPoolExecutor$Worker.run(Unknown Source)
at java.lang.Thread.run(Unknown Source)
]]>
            </full-stacktrace>
          </exception> <!-- org.testng.TestNGException -->
          <reporter-output>
          </reporter-output>
        </test-method> <!-- setUp -->
        <test-method status="SKIP" signature="flipkartLogin()[pri:0, instance:com.example.tests.E2E_test_Flipkart_Grid@460d0a57]" name="flipkartLogin" duration-ms="0" started-at="2020-07-23T21:35:15Z" finished-at="2020-07-23T21:35:15Z">
          <exception class="org.testng.TestNGException">
            <message>
              <![CDATA[
Parameter 'appURL' is required by BeforeMethod on method setUp but has not been marked @Optional or defined
in C:\workspace\FlipkartFramework\Grid.xml]]>
            </message>
            <full-stacktrace>
              <![CDATA[org.testng.TestNGException: 
Parameter 'appURL' is required by BeforeMethod on method setUp but has not been marked @Optional or defined
in C:\workspace\FlipkartFramework\Grid.xml
at org.testng.internal.Parameters.createParams(Parameters.java:290)
at org.testng.internal.Parameters.createParametersForMethod(Parameters.java:359)
at org.testng.internal.Parameters.createParameters(Parameters.java:620)
at org.testng.internal.Parameters.createConfigurationParameters(Parameters.java:190)
at org.testng.internal.Invoker.invokeConfigurations(Invoker.java:209)
at org.testng.internal.Invoker.invokeMethod(Invoker.java:523)
at org.testng.internal.Invoker.invokeTestMethod(Invoker.java:719)
at org.testng.internal.Invoker.invokeTestMethods(Invoker.java:989)
at org.testng.internal.TestMethodWorker.invokeTestMethods(TestMethodWorker.java:125)
at org.testng.internal.TestMethodWorker.run(TestMethodWorker.java:109)
at org.testng.TestRunner.privateRun(TestRunner.java:648)
at org.testng.TestRunner.run(TestRunner.java:505)
at org.testng.SuiteRunner.runTest(SuiteRunner.java:455)
at org.testng.SuiteRunner.access$000(SuiteRunner.java:40)
at org.testng.SuiteRunner$SuiteWorker.run(SuiteRunner.java:489)
at org.testng.internal.thread.ThreadUtil$1.call(ThreadUtil.java:52)
at java.util.concurrent.FutureTask.run(Unknown Source)
at java.util.concurrent.ThreadPoolExecutor.runWorker(Unknown Source)
at java.util.concurrent.ThreadPoolExecutor$Worker.run(Unknown Source)
at java.lang.Thread.run(Unknown Source)
]]>
            </full-stacktrace>
          </exception> <!-- org.testng.TestNGException -->
          <reporter-output>
          </reporter-output>
        </test-method> <!-- flipkartLogin -->
        <test-method status="SKIP" signature="tearDown()[pri:0, instance:com.example.tests.E2E_test_Flipkart_Grid@460d0a57]" name="tearDown" is-config="true" duration-ms="0" started-at="2020-07-23T21:35:15Z" finished-at="2020-07-23T21:35:15Z">
          <reporter-output>
          </reporter-output>
        </test-method> <!-- tearDown -->
      </class> <!-- com.example.tests.E2E_test_Flipkart_Grid -->
    </test> <!-- IEtest -->
    <test name="FireFoxTest" duration-ms="36" started-at="2020-07-23T21:35:15Z" finished-at="2020-07-23T21:35:15Z">
      <class name="com.example.tests.E2E_test_Flipkart_Grid">
        <test-method status="FAIL" signature="setUp(java.lang.String, java.lang.String)[pri:0, instance:com.example.tests.E2E_test_Flipkart_Grid@4386f16]" name="setUp" is-config="true" duration-ms="0" started-at="2020-07-23T21:35:15Z" finished-at="2020-07-23T21:35:15Z">
          <exception class="org.testng.TestNGException">
            <message>
              <![CDATA[
Parameter 'appURL' is required by BeforeMethod on method setUp but has not been marked @Optional or defined
in C:\workspace\FlipkartFramework\Grid.xml]]>
            </message>
            <full-stacktrace>
              <![CDATA[org.testng.TestNGException: 
Parameter 'appURL' is required by BeforeMethod on method setUp but has not been marked @Optional or defined
in C:\workspace\FlipkartFramework\Grid.xml
at org.testng.internal.Parameters.createParams(Parameters.java:290)
at org.testng.internal.Parameters.createParametersForMethod(Parameters.java:359)
at org.testng.internal.Parameters.createParameters(Parameters.java:620)
at org.testng.internal.Parameters.createConfigurationParameters(Parameters.java:190)
at org.testng.internal.Invoker.invokeConfigurations(Invoker.java:209)
at org.testng.internal.Invoker.invokeMethod(Invoker.java:523)
at org.testng.internal.Invoker.invokeTestMethod(Invoker.java:719)
at org.testng.internal.Invoker.invokeTestMethods(Invoker.java:989)
at org.testng.internal.TestMethodWorker.invokeTestMethods(TestMethodWorker.java:125)
at org.testng.internal.TestMethodWorker.run(TestMethodWorker.java:109)
at org.testng.TestRunner.privateRun(TestRunner.java:648)
at org.testng.TestRunner.run(TestRunner.java:505)
at org.testng.SuiteRunner.runTest(SuiteRunner.java:455)
at org.testng.SuiteRunner.access$000(SuiteRunner.java:40)
at org.testng.SuiteRunner$SuiteWorker.run(SuiteRunner.java:489)
at org.testng.internal.thread.ThreadUtil$1.call(ThreadUtil.java:52)
at java.util.concurrent.FutureTask.run(Unknown Source)
at java.util.concurrent.ThreadPoolExecutor.runWorker(Unknown Source)
at java.util.concurrent.ThreadPoolExecutor$Worker.run(Unknown Source)
at java.lang.Thread.run(Unknown Source)
]]>
            </full-stacktrace>
          </exception> <!-- org.testng.TestNGException -->
          <reporter-output>
          </reporter-output>
        </test-method> <!-- setUp -->
        <test-method status="SKIP" signature="flipkartLogin()[pri:0, instance:com.example.tests.E2E_test_Flipkart_Grid@4386f16]" name="flipkartLogin" duration-ms="0" started-at="2020-07-23T21:35:15Z" finished-at="2020-07-23T21:35:15Z">
          <exception class="org.testng.TestNGException">
            <message>
              <![CDATA[
Parameter 'appURL' is required by BeforeMethod on method setUp but has not been marked @Optional or defined
in C:\workspace\FlipkartFramework\Grid.xml]]>
            </message>
            <full-stacktrace>
              <![CDATA[org.testng.TestNGException: 
Parameter 'appURL' is required by BeforeMethod on method setUp but has not been marked @Optional or defined
in C:\workspace\FlipkartFramework\Grid.xml
at org.testng.internal.Parameters.createParams(Parameters.java:290)
at org.testng.internal.Parameters.createParametersForMethod(Parameters.java:359)
at org.testng.internal.Parameters.createParameters(Parameters.java:620)
at org.testng.internal.Parameters.createConfigurationParameters(Parameters.java:190)
at org.testng.internal.Invoker.invokeConfigurations(Invoker.java:209)
at org.testng.internal.Invoker.invokeMethod(Invoker.java:523)
at org.testng.internal.Invoker.invokeTestMethod(Invoker.java:719)
at org.testng.internal.Invoker.invokeTestMethods(Invoker.java:989)
at org.testng.internal.TestMethodWorker.invokeTestMethods(TestMethodWorker.java:125)
at org.testng.internal.TestMethodWorker.run(TestMethodWorker.java:109)
at org.testng.TestRunner.privateRun(TestRunner.java:648)
at org.testng.TestRunner.run(TestRunner.java:505)
at org.testng.SuiteRunner.runTest(SuiteRunner.java:455)
at org.testng.SuiteRunner.access$000(SuiteRunner.java:40)
at org.testng.SuiteRunner$SuiteWorker.run(SuiteRunner.java:489)
at org.testng.internal.thread.ThreadUtil$1.call(ThreadUtil.java:52)
at java.util.concurrent.FutureTask.run(Unknown Source)
at java.util.concurrent.ThreadPoolExecutor.runWorker(Unknown Source)
at java.util.concurrent.ThreadPoolExecutor$Worker.run(Unknown Source)
at java.lang.Thread.run(Unknown Source)
]]>
            </full-stacktrace>
          </exception> <!-- org.testng.TestNGException -->
          <reporter-output>
          </reporter-output>
        </test-method> <!-- flipkartLogin -->
        <test-method status="SKIP" signature="tearDown()[pri:0, instance:com.example.tests.E2E_test_Flipkart_Grid@4386f16]" name="tearDown" is-config="true" duration-ms="0" started-at="2020-07-23T21:35:15Z" finished-at="2020-07-23T21:35:15Z">
          <reporter-output>
          </reporter-output>
        </test-method> <!-- tearDown -->
      </class> <!-- com.example.tests.E2E_test_Flipkart_Grid -->
    </test> <!-- FireFoxTest -->
    <test name="ChromeTest" duration-ms="36" started-at="2020-07-23T21:35:15Z" finished-at="2020-07-23T21:35:15Z">
      <class name="com.example.tests.E2E_test_Flipkart_Grid">
        <test-method status="FAIL" signature="setUp(java.lang.String, java.lang.String)[pri:0, instance:com.example.tests.E2E_test_Flipkart_Grid@12e61fe6]" name="setUp" is-config="true" duration-ms="0" started-at="2020-07-23T21:35:15Z" finished-at="2020-07-23T21:35:15Z">
          <exception class="org.testng.TestNGException">
            <message>
              <![CDATA[
Parameter 'appURL' is required by BeforeMethod on method setUp but has not been marked @Optional or defined
in C:\workspace\FlipkartFramework\Grid.xml]]>
            </message>
            <full-stacktrace>
              <![CDATA[org.testng.TestNGException: 
Parameter 'appURL' is required by BeforeMethod on method setUp but has not been marked @Optional or defined
in C:\workspace\FlipkartFramework\Grid.xml
at org.testng.internal.Parameters.createParams(Parameters.java:290)
at org.testng.internal.Parameters.createParametersForMethod(Parameters.java:359)
at org.testng.internal.Parameters.createParameters(Parameters.java:620)
at org.testng.internal.Parameters.createConfigurationParameters(Parameters.java:190)
at org.testng.internal.Invoker.invokeConfigurations(Invoker.java:209)
at org.testng.internal.Invoker.invokeMethod(Invoker.java:523)
at org.testng.internal.Invoker.invokeTestMethod(Invoker.java:719)
at org.testng.internal.Invoker.invokeTestMethods(Invoker.java:989)
at org.testng.internal.TestMethodWorker.invokeTestMethods(TestMethodWorker.java:125)
at org.testng.internal.TestMethodWorker.run(TestMethodWorker.java:109)
at org.testng.TestRunner.privateRun(TestRunner.java:648)
at org.testng.TestRunner.run(TestRunner.java:505)
at org.testng.SuiteRunner.runTest(SuiteRunner.java:455)
at org.testng.SuiteRunner.access$000(SuiteRunner.java:40)
at org.testng.SuiteRunner$SuiteWorker.run(SuiteRunner.java:489)
at org.testng.internal.thread.ThreadUtil$1.call(ThreadUtil.java:52)
at java.util.concurrent.FutureTask.run(Unknown Source)
at java.util.concurrent.ThreadPoolExecutor.runWorker(Unknown Source)
at java.util.concurrent.ThreadPoolExecutor$Worker.run(Unknown Source)
at java.lang.Thread.run(Unknown Source)
]]>
            </full-stacktrace>
          </exception> <!-- org.testng.TestNGException -->
          <reporter-output>
          </reporter-output>
        </test-method> <!-- setUp -->
        <test-method status="SKIP" signature="flipkartLogin()[pri:0, instance:com.example.tests.E2E_test_Flipkart_Grid@12e61fe6]" name="flipkartLogin" duration-ms="0" started-at="2020-07-23T21:35:15Z" finished-at="2020-07-23T21:35:15Z">
          <exception class="org.testng.TestNGException">
            <message>
              <![CDATA[
Parameter 'appURL' is required by BeforeMethod on method setUp but has not been marked @Optional or defined
in C:\workspace\FlipkartFramework\Grid.xml]]>
            </message>
            <full-stacktrace>
              <![CDATA[org.testng.TestNGException: 
Parameter 'appURL' is required by BeforeMethod on method setUp but has not been marked @Optional or defined
in C:\workspace\FlipkartFramework\Grid.xml
at org.testng.internal.Parameters.createParams(Parameters.java:290)
at org.testng.internal.Parameters.createParametersForMethod(Parameters.java:359)
at org.testng.internal.Parameters.createParameters(Parameters.java:620)
at org.testng.internal.Parameters.createConfigurationParameters(Parameters.java:190)
at org.testng.internal.Invoker.invokeConfigurations(Invoker.java:209)
at org.testng.internal.Invoker.invokeMethod(Invoker.java:523)
at org.testng.internal.Invoker.invokeTestMethod(Invoker.java:719)
at org.testng.internal.Invoker.invokeTestMethods(Invoker.java:989)
at org.testng.internal.TestMethodWorker.invokeTestMethods(TestMethodWorker.java:125)
at org.testng.internal.TestMethodWorker.run(TestMethodWorker.java:109)
at org.testng.TestRunner.privateRun(TestRunner.java:648)
at org.testng.TestRunner.run(TestRunner.java:505)
at org.testng.SuiteRunner.runTest(SuiteRunner.java:455)
at org.testng.SuiteRunner.access$000(SuiteRunner.java:40)
at org.testng.SuiteRunner$SuiteWorker.run(SuiteRunner.java:489)
at org.testng.internal.thread.ThreadUtil$1.call(ThreadUtil.java:52)
at java.util.concurrent.FutureTask.run(Unknown Source)
at java.util.concurrent.ThreadPoolExecutor.runWorker(Unknown Source)
at java.util.concurrent.ThreadPoolExecutor$Worker.run(Unknown Source)
at java.lang.Thread.run(Unknown Source)
]]>
            </full-stacktrace>
          </exception> <!-- org.testng.TestNGException -->
          <reporter-output>
          </reporter-output>
        </test-method> <!-- flipkartLogin -->
        <test-method status="SKIP" signature="tearDown()[pri:0, instance:com.example.tests.E2E_test_Flipkart_Grid@12e61fe6]" name="tearDown" is-config="true" duration-ms="0" started-at="2020-07-23T21:35:15Z" finished-at="2020-07-23T21:35:15Z">
          <reporter-output>
          </reporter-output>
        </test-method> <!-- tearDown -->
      </class> <!-- com.example.tests.E2E_test_Flipkart_Grid -->
    </test> <!-- ChromeTest -->
  </suite> <!-- Suite -->
</testng-results>
